Run log → /home/user/hashjing-nft/logs/run-1754766877798-26653.log
%s: %s mint-all 19.471s
DEBUG totalSupply = 8192
ANALYSE START (limit=8192)
processed 512/8192
processed 1024/8192
processed 1536/8192
processed 2048/8192
processed 2560/8192
processed 3072/8192
processed 3584/8192
processed 4096/8192
processed 4608/8192
processed 5120/8192
processed 5632/8192
processed 6144/8192
processed 6656/8192
processed 7168/8192
processed 7680/8192
processed 8192/8192
ANALYSE END

Tokens analysed        : 8192 (of 8192)

Evenness distribution:
  0.58: 1 (0.01 %)
  0.62: 2 (0.02 %)
  0.63: 1 (0.01 %)
  0.65: 1 (0.01 %)
  0.66: 6 (0.07 %)
  0.67: 8 (0.10 %)
  0.68: 9 (0.11 %)
  0.69: 17 (0.21 %)
  0.70: 20 (0.24 %)
  0.71: 29 (0.35 %)
  0.72: 27 (0.33 %)
  0.74: 32 (0.39 %)
  0.75: 64 (0.78 %)
  0.76: 73 (0.89 %)
  0.77: 122 (1.49 %)
  0.79: 137 (1.67 %)
  0.80: 162 (1.98 %)
  0.81: 203 (2.48 %)
  0.82: 272 (3.32 %)
  0.84: 306 (3.74 %)
  0.85: 376 (4.59 %)
  0.86: 448 (5.47 %)
  0.88: 505 (6.16 %)
  0.89: 555 (6.77 %)
  0.91: 624 (7.62 %)
  0.92: 698 (8.52 %)
  0.93: 739 (9.02 %)
  0.95: 780 (9.52 %)
  0.96: 771 (9.41 %)
  0.98: 786 (9.59 %)
  1.00: 418 (5.10 %)

Passages distribution:
  00 : 3 (0.04 %)
  01 : 52 (0.63 %)
  02 : 308 (3.76 %)
  03 : 1062 (12.96 %)
  04 : 1909 (23.30 %)
  05 : 2303 (28.11 %)
  06 : 1530 (18.68 %)
  07 : 728 (8.89 %)
  08 : 237 (2.89 %)
  09 : 51 (0.62 %)
  10 : 9 (0.11 %)

Crown distribution:
  2:1 : 6 (0.07 %)
  2:2 : 10 (0.12 %)
  2:3 : 26 (0.32 %)
  2:4 : 17 (0.21 %)
  2:5 : 9 (0.11 %)
  2:6 : 11 (0.13 %)
  2:7 : 4 (0.05 %)
  2:8 : 2 (0.02 %)
  3:1 : 404 (4.93 %)
  3:2 : 789 (9.63 %)
  3:3 : 1044 (12.74 %)
  3:4 : 952 (11.62 %)
  3:5 : 746 (9.11 %)
  3:6 : 441 (5.38 %)
  3:7 : 267 (3.26 %)
  3:8 : 113 (1.38 %)
  3:9 : 32 (0.39 %)
  3:10 : 14 (0.17 %)
  3:11 : 3 (0.04 %)
  4:1 : 1188 (14.50 %)
  4:2 : 139 (1.70 %)
  4:3 : 6 (0.07 %)
  4:4 : 2 (0.02 %)
  5:1 : 1518 (18.53 %)
  5:2 : 169 (2.06 %)
  5:3 : 20 (0.24 %)
  6:1 : 120 (1.46 %)
  6:2 : 1 (0.01 %)
  7:1 : 117 (1.43 %)
  8:1 : 7 (0.09 %)
  9:1 : 14 (0.17 %)
    — : 1 (0.01 %)

Crown samples:
  2:1 → tokenId=36 seed=0x5c05a69720db5a1fa50ace1f2b1442fa24659abc5bae6c8ae40ce0cfe08bed03
  2:2 → tokenId=2357 seed=0x0e2170d2a9f49c42eaf85affe01cef13b64f9d0f9e786c7d1a6dbae1a4c60d40
  2:3 → tokenId=2253 seed=0xf502610691fc802bb02378d527900ba729ca147c50f12c4a39f55a904dacf63e
  2:4 → tokenId=664 seed=0x3f889fd5ed7eab4a3db04cf418e3a960b227de60ba8d72890f2baa00c8d54a1c
  2:5 → tokenId=398 seed=0xf1d96dae243e1b7852163f0d81e911b0239166a735600b1c4495097403ab49bf
  2:6 → tokenId=509 seed=0xd862154ebf2b0057ad8f0b641e00d33eea644f07cf4e50a73b618e3b7ab46abd
  2:7 → tokenId=3204 seed=0x91bf69cc3dd42ed2c96ffe389c1bce4988a47d6fcd998277a0e542c80bcee3a0
  2:8 → tokenId=2118 seed=0xacedfbef6d115c31599b227c11f78ca8b05e0ffdd7a9b2599fc30fc1f7b42778
  3:1 → tokenId=7 seed=0x054d9e08dbc022fcc2aff5736e77ff004c82c81abbdd6c798a4468670d512659
  3:2 → tokenId=22 seed=0x9f5e493f4c12ee4c72356ce2e81292a97d462f6c0965ac6e28792b342c94f317
  3:3 → tokenId=2 seed=0x1891889583a184ce959923a5bc190ac835191107d8b92e345b6a0e6b33070d4f
  3:4 → tokenId=1 seed=0x765ac198fcd0a920640595e61dfb2dd71085de22121660c8c9a3304258dcea4b
  3:5 → tokenId=20 seed=0x52e1406f62779eaab138df34bd3ed1411daba24c8c3d84c580bec2b2fb4c5dde
  3:6 → tokenId=27 seed=0x895051b8463c76a3f08b857f25ecbeb1925429ccc5f9f06ce17b16c325e2ae09
  3:7 → tokenId=40 seed=0x33d50a333e8613932514d7ffb9030489b6e1e1c1d46fb8b5ec8d30924fd063b4
  3:8 → tokenId=31 seed=0x4dedbd0b23fcdc2e94dbfb3b4d4ce285c20ba3947af5c217b2cdf643af37174a
  3:9 → tokenId=345 seed=0x2906b4306fdb7bebbb384749ab4bbcda2e2bbc86c25cf7de30fd4bd3b6297919
  3:10 → tokenId=245 seed=0x4bcab77278dbf835c49b101e727dbc3ef466b1878d8fc73f1292523272e30146
  3:11 → tokenId=2040 seed=0x3cdea9f3eb63461e1ee0458f0aefedf43464cd6dbd11e3ebf589dbdedea22761
  4:1 → tokenId=15 seed=0xa6e3a89ebd23d8fe447b402e211f05a816d797e11e9bc04b6b1df2d0482c3daf
  4:2 → tokenId=117 seed=0x26609944960c3922f86bb918bfd241f8d65b0a81db5c982bdf894928d22ddb1f
  4:3 → tokenId=2327 seed=0x5f43eef06e06265aa16c2370aee2cca98f3f50456653f17aa76183c655609315
  4:4 → tokenId=6318 seed=0x1634c8627e58cc324426b528ad30c60577ac66ceeffe6890bcd47e23ebde91dd
  5:1 → tokenId=10 seed=0xc2aa5cf10b2254fc38784722272a34d2209f7f8cf3da056b1c8ad68cc61104e8
  5:2 → tokenId=4 seed=0x3cafa2856d63e919eb9d10b9e94f3f46168dc9fa197fb675289458c562b41e52
  5:3 → tokenId=56 seed=0xbf7c24bc3ad3ccb86ce8dd4e2ab0ceb5ec6f4313131d483e46d64b59b90d83bf
  6:1 → tokenId=25 seed=0xb1cd4cb4915c9db07c1acf75a48401c2b7f81bbde7413ceec3a7b7a12540931d
  6:2 → tokenId=2126 seed=0xe80cf2f3b5dd3f370e063e9ec11cee137ad6aef3c5c22c5deff577d3f7ac05ec
  7:1 → tokenId=113 seed=0xeb824b60462f8c7505e3e50d74b41fde1b9a867c3d32e3e50df353d85ed093d0
  8:1 → tokenId=477 seed=0xe01438ac129005c9b44493f42f3de3f58589db06d98d6799997626f347e359dd
  9:1 → tokenId=529 seed=0x1aaa4140061424160c35bfdfc7a3b0567532dfe239c5d8e1c177f196fcdb0b24
    — → tokenId=2207 seed=0xf54b5347a134a1ed51e584ab5e38d43e8a185931a84e1da2f7ef254bc13cf4b3

Run log saved → /home/user/hashjing-nft/logs/run-1754766877798-26653.log
